<?xml version="1.0" encoding="UTF-8"?>
<beans xmlns="http://www.springframework.org/schema/beans"
	xmlns:xsi="http://www.w3.org/2001/XMLSchema-instance"
	xmlns:context="http://www.springframework.org/schema/context"
	xmlns:aop="http://www.springframework.org/schema/aop"
	xmlns:tx="http://www.springframework.org/schema/tx"
	xmlns:jee="http://www.springframework.org/schema/jee"
	xmlns:jdbc="http://www.springframework.org/schema/jdbc"
	xsi:schemaLocation="http://www.springframework.org/schema/jdbc http://www.springframework.org/schema/jdbc/spring-jdbc-3.0.xsd
		http://www.springframework.org/schema/jee http://www.springframework.org/schema/jee/spring-jee-3.0.xsd
		http://www.springframework.org/schema/aop http://www.springframework.org/schema/aop/spring-aop-3.0.xsd
		http://www.springframework.org/schema/beans http://www.springframework.org/schema/beans/spring-beans-3.0.xsd
		http://www.springframework.org/schema/tx http://www.springframework.org/schema/tx/spring-tx-3.0.xsd
		http://www.springframework.org/schema/context http://www.springframework.org/schema/context/spring-context-3.0.xsd">


    <!-- For Transparent Exception Translation-->
    <bean id="persistenceExceptionInterceptor" class="org.springframework.dao.support.PersistenceExceptionTranslationInterceptor"/>

    <aop:config>
        <aop:advisor advice-ref="persistenceExceptionInterceptor" pointcut="execution(* *..dao.*DAO+.*(..))"/>
    </aop:config>

	<!-- TransactionManager -->
    <bean id="transactionManager" class="org.springframework.orm.hibernate4.HibernateTransactionManager">
        <property name="sessionFactory" ref="sessionFactory" />
    </bean>

	<!-- txAdvice -->
    <tx:advice id="txAdvice">
        <tx:attributes>
            <tx:method name="get*" read-only="true"/>
            <tx:method name="*" propagation="REQUIRED" />
            <!--
            <tx:method name="create*" propagation="REQUIRED" />
            <tx:method name="update*" propagation="REQUIRED" />
            <tx:method name="delete*" propagation="REQUIRED" />
            <tx:method name="*" read-only="true"/>
            -->
        </tx:attributes>
    </tx:advice>

	<!--  uses JDK Dynamic Proxy instead of CGLIB Proxy, default proxy-target-class="false"-->
    <aop:config>
        <aop:pointcut id="interceptorPointCuts" expression="execution(* *..service.*Service+.*(..))" />
        <aop:advisor advice-ref="txAdvice" pointcut-ref="interceptorPointCuts" />
    </aop:config>

	<!-- Hibernate SessionFactory -->
    <bean id="sessionFactory" class="org.springframework.orm.hibernate4.LocalSessionFactoryBean">
		<property name="dataSource" ref="iconnectDS"/>
		<property name="hibernateProperties" ref="sampleHibernateProperties" />

        <property name="packagesToScan">
            <list>
                <value>com.ncs.itrust4.hibernate.to</value>
                <value>com.ncs.iframe4.hibernate.audit.entity</value>
                <value>com.ncs.iframe4.jsf.component.menu.to</value>
                <value>com.ncs.iframe4.jsf.component.codelookup.entity</value>
                <value>com.ncs.iframe.course.department.to</value>
            </list>
        </property>

		<!-- Interceptor for createDt,createBy,updateDt,updateBy -->
        <property name="entityInterceptor" ref="iframeTableAuditInterceptor"/>

	</bean>

	<!-- Hibernate Configurations -->
	<bean id="sampleHibernateProperties"
 		class="org.springframework.beans.factory.config.PropertiesFactoryBean">
 		<property name="properties">
  			<props>
                <prop key="hibernate.hbm2ddl.auto">none</prop>
   				<prop key="hibernate.query.substitutions">true 'T', false 'F'</prop>
                <prop key="hibernate.jdbc.batch_size">30</prop>
   				<!-- Uncomment under weblogic -->
   				<!--  <prop key="hibernate.query.factory_class">org.hibernate.hql.classic.ClassicQueryTranslatorFactory</prop>-->

   				<!--
   				<prop key="hibernate.c3p0.minPoolSize">5</prop>
   				<prop key="hibernate.c3p0.maxPoolSize">20</prop>
   				<prop key="hibernate.c3p0.timeout">600</prop>
   				<prop key="hibernate.c3p0.max_statement">50</prop>
   				<prop key="hibernate.c3p0.testConnectionOnCheckout">false</prop>
                -->

                <prop key="hibernate.show_sql">false</prop>
                <prop key="hibernate.format_sql">true</prop>
   				<prop key="hibernate.cache.use_second_level_cache">true</prop>
   				<prop key="hibernate.cache.region.factory_class">org.hibernate.cache.ehcache.EhCacheRegionFactory</prop>
				<prop key="hibernate.cache.use_query_cache">true</prop>

				<!-- For Envers Configurations, to specify here -->
   				<prop key="org.hibernate.envers.auditTableSuffix">_AUD</prop>
   				<prop key="org.hibernate.envers.revisionTypeFieldName">REV_TYPE</prop>
   				<prop key="org.hibernate.envers.doNotAuditOptimisticLockingField">false</prop>
  			</props>
 		</property>
	</bean>


    <bean id="messageSource" class="org.springframework.context.support.ResourceBundleMessageSource">
        <property name="basenames">
                <list>
                	<value>messages-itrust</value>
                	<value>com.ncs.iframe4.jsf.i18n.SampleMessages</value>
                </list>
        </property>
    </bean>

    <bean id="enversListener" class="com.ncs.iframe4.hibernate.audit.listener.IframeRevListener"
        init-method="initialize">
    </bean>

    <bean id="iframeTableAuditInterceptor" class="com.ncs.iframe4.hibernate.interceptor.IframeTableAuditInterceptor"/>

    <bean id="auditFuncInterceptor" class="com.ncs.iframe4.hibernate.audit.func.AuditFuncNameInterceptor"/>

    <aop:config>
        <aop:advisor advice-ref="auditFuncInterceptor" pointcut="execution(* *..bean.*Bean+.*(..))"/>
    </aop:config>


    <!-- 1. Embedded Database
	<jdbc:embedded-database type="HSQL" id="iconnectDS">
        <jdbc:script location="classpath:com/ncs/test/contact_create.sql"/>
    </jdbc:embedded-database>-->


	<!-- 2. Datasource JNDI lookup definition
	<jee:jndi-lookup id="iconnectDS" jndi-name="jdbc/iconnectDS"
		lookup-on-startup="false" proxy-interface="javax.sql.DataSource"
		cache="true" resource-ref="true" />
-->

    <!-- 3. Datasource JNDI lookup definition for jboss
       <jee:jndi-lookup id="iconnectDS" jndi-name="jdbc/iconnectDS"
   		lookup-on-startup="false" proxy-interface="javax.sql.DataSource"
   		cache="true" resource-ref="false" />-->

	<!-- 4. Direct JDBC Connection without Connection Pooling --><!---->
	<bean id="iconnectDS" class="org.springframework.jdbc.datasource.DriverManagerDataSource">
        <property name="driverClassName" value="com.mysql.jdbc.Driver"/>
        <property name="url" value="jdbc:mysql://localhost:3306/ryanlimwr"/>
        <property name="username" value="root"/>
        <property name="password" value="password"/>
    </bean>

    <bean class="com.ncs.iframe4.commons.config.IFrameBeans"/>

</beans>
